# JRE version: OpenJDK Runtime Environment (8.0_212) (build 1.8.0_212-release-1586-b4-5784211)
# Java VM: OpenJDK 64-Bit Server VM (25.212-b4-5784211 mixed mode linux-amd64 compressed oops)
Heap:
 PSYoungGen      total 132096K, used 5110K [0x00000000e0000000, 0x00000000e8600000, 0x0000000100000000)
  eden space 126976K, 0% used [0x00000000e0000000,0x00000000e0000000,0x00000000e7c00000)
  from space 5120K, 99% used [0x00000000e7c00000,0x00000000e80fd9a0,0x00000000e8100000)
  to   space 5120K, 0% used [0x00000000e8100000,0x00000000e8100000,0x00000000e8600000)
 ParOldGen       total 71680K, used 19140K [0x00000000a0000000, 0x00000000a4600000, 0x00000000e0000000)
  object space 71680K, 26% used [0x00000000a0000000,0x00000000a12b13d8,0x00000000a4600000)
 Metaspace       used 31390K, capacity 32042K, committed 32256K, reserved 1077248K
  class space    used 4289K, capacity 4510K, committed 4608K, reserved 1048576K
GC Heap History (10 events):
Event: 0.834 GC heap after
Heap after GC invocations=1 (full 0):
 PSYoungGen      total 36864K, used 4200K [0x00000000e0000000, 0x00000000e4800000, 0x0000000100000000)
  eden space 31744K, 0% used [0x00000000e0000000,0x00000000e0000000,0x00000000e1f00000)
  from space 5120K, 82% used [0x00000000e1f00000,0x00000000e231a298,0x00000000e2400000)
  to   space 5120K, 0% used [0x00000000e4300000,0x00000000e4300000,0x00000000e4800000)
 ParOldGen       total 84992K, used 8K [0x00000000a0000000, 0x00000000a5300000, 0x00000000e0000000)
  object space 84992K, 0% used [0x00000000a0000000,0x00000000a0002000,0x00000000a5300000)
 Metaspace       used 6880K, capacity 7120K, committed 7424K, reserved 1056768K
  class space    used 848K, capacity 908K, committed 1024K, reserved 1048576K
}
Event: 1.141 GC heap before
{Heap before GC invocations=2 (full 0):
 PSYoungGen      total 36864K, used 35944K [0x00000000e0000000, 0x00000000e4800000, 0x0000000100000000)
  eden space 31744K, 100% used [0x00000000e0000000,0x00000000e1f00000,0x00000000e1f00000)
  from space 5120K, 82% used [0x00000000e1f00000,0x00000000e231a298,0x00000000e2400000)
  to   space 5120K, 0% used [0x00000000e4300000,0x00000000e4300000,0x00000000e4800000)
 ParOldGen       total 84992K, used 8K [0x00000000a0000000, 0x00000000a5300000, 0x00000000e0000000)
  object space 84992K, 0% used [0x00000000a0000000,0x00000000a0002000,0x00000000a5300000)
 Metaspace       used 7962K, capacity 8202K, committed 8320K, reserved 1056768K
  class space    used 1019K, capacity 1077K, committed 1152K, reserved 1048576K
Event: 1.149 GC heap after
Heap after GC invocations=2 (full 0):
 PSYoungGen      total 68608K, used 4145K [0x00000000e0000000, 0x00000000e4800000, 0x0000000100000000)
  eden space 63488K, 0% used [0x00000000e0000000,0x00000000e0000000,0x00000000e3e00000)
  from space 5120K, 80% used [0x00000000e4300000,0x00000000e470c500,0x00000000e4800000)
  to   space 5120K, 0% used [0x00000000e3e00000,0x00000000e3e00000,0x00000000e4300000)
 ParOldGen       total 84992K, used 16K [0x00000000a0000000, 0x00000000a5300000, 0x00000000e0000000)
  object space 84992K, 0% used [0x00000000a0000000,0x00000000a0004000,0x00000000a5300000)
 Metaspace       used 7962K, capacity 8202K, committed 8320K, reserved 1056768K
  class space    used 1019K, capacity 1077K, committed 1152K, reserved 1048576K
}
Event: 2.142 GC heap before
{Heap before GC invocations=3 (full 0):
 PSYoungGen      total 68608K, used 67633K [0x00000000e0000000, 0x00000000e4800000, 0x0000000100000000)
  eden space 63488K, 100% used [0x00000000e0000000,0x00000000e3e00000,0x00000000e3e00000)
  from space 5120K, 80% used [0x00000000e4300000,0x00000000e470c500,0x00000000e4800000)
  to   space 5120K, 0% used [0x00000000e3e00000,0x00000000e3e00000,0x00000000e4300000)
 ParOldGen       total 84992K, used 16K [0x00000000a0000000, 0x00000000a5300000, 0x00000000e0000000)
  object space 84992K, 0% used [0x00000000a0000000,0x00000000a0004000,0x00000000a5300000)
 Metaspace       used 14526K, capacity 14948K, committed 15104K, reserved 1062912K
  class space    used 2055K, capacity 2192K, committed 2304K, reserved 1048576K
Event: 2.158 GC heap after
Heap after GC invocations=3 (full 0):
 PSYoungGen      total 68608K, used 5092K [0x00000000e0000000, 0x00000000e8600000, 0x0000000100000000)
  eden space 63488K, 0% used [0x00000000e0000000,0x00000000e0000000,0x00000000e3e00000)
  from space 5120K, 99% used [0x00000000e3e00000,0x00000000e42f90b0,0x00000000e4300000)
  to   space 5120K, 0% used [0x00000000e8100000,0x00000000e8100000,0x00000000e8600000)
 ParOldGen       total 84992K, used 4277K [0x00000000a0000000, 0x00000000a5300000, 0x00000000e0000000)
  object space 84992K, 5% used [0x00000000a0000000,0x00000000a042d498,0x00000000a5300000)
 Metaspace       used 14526K, capacity 14948K, committed 15104K, reserved 1062912K
  class space    used 2055K, capacity 2192K, committed 2304K, reserved 1048576K
}
Event: 3.450 GC heap before
{Heap before GC invocations=4 (full 0):
 PSYoungGen      total 68608K, used 65881K [0x00000000e0000000, 0x00000000e8600000, 0x0000000100000000)
  eden space 63488K, 95% used [0x00000000e0000000,0x00000000e3b5d590,0x00000000e3e00000)
  from space 5120K, 99% used [0x00000000e3e00000,0x00000000e42f90b0,0x00000000e4300000)
  to   space 5120K, 0% used [0x00000000e8100000,0x00000000e8100000,0x00000000e8600000)
 ParOldGen       total 84992K, used 4277K [0x00000000a0000000, 0x00000000a5300000, 0x00000000e0000000)
  object space 84992K, 5% used [0x00000000a0000000,0x00000000a042d498,0x00000000a5300000)
 Metaspace       used 20592K, capacity 21136K, committed 21296K, reserved 1067008K
  class space    used 2984K, capacity 3160K, committed 3200K, reserved 1048576K
Event: 3.480 GC heap after
Heap after GC invocations=4 (full 0):
 PSYoungGen      total 132096K, used 5096K [0x00000000e0000000, 0x00000000e8600000, 0x0000000100000000)
  eden space 126976K, 0% used [0x00000000e0000000,0x00000000e0000000,0x00000000e7c00000)
  from space 5120K, 99% used [0x00000000e8100000,0x00000000e85fa0d8,0x00000000e8600000)
  to   space 5120K, 0% used [0x00000000e7c00000,0x00000000e7c00000,0x00000000e8100000)
 ParOldGen       total 84992K, used 12035K [0x00000000a0000000, 0x00000000a5300000, 0x00000000e0000000)
  object space 84992K, 14% used [0x00000000a0000000,0x00000000a0bc0fc8,0x00000000a5300000)
 Metaspace       used 20592K, capacity 21136K, committed 21296K, reserved 1067008K
  class space    used 2984K, capacity 3160K, committed 3200K, reserved 1048576K
}
Event: 3.480 GC heap before
{Heap before GC invocations=5 (full 1):
 PSYoungGen      total 132096K, used 5096K [0x00000000e0000000, 0x00000000e8600000, 0x0000000100000000)
  eden space 126976K, 0% used [0x00000000e0000000,0x00000000e0000000,0x00000000e7c00000)
  from space 5120K, 99% used [0x00000000e8100000,0x00000000e85fa0d8,0x00000000e8600000)
  to   space 5120K, 0% used [0x00000000e7c00000,0x00000000e7c00000,0x00000000e8100000)
 ParOldGen       total 84992K, used 12035K [0x00000000a0000000, 0x00000000a5300000, 0x00000000e0000000)
  object space 84992K, 14% used [0x00000000a0000000,0x00000000a0bc0fc8,0x00000000a5300000)
 Metaspace       used 20592K, capacity 21136K, committed 21296K, reserved 1067008K
  class space    used 2984K, capacity 3160K, committed 3200K, reserved 1048576K
Event: 3.567 GC heap after
Heap after GC invocations=5 (full 1):
 PSYoungGen      total 132096K, used 0K [0x00000000e0000000, 0x00000000e8600000, 0x0000000100000000)
  eden space 126976K, 0% used [0x00000000e0000000,0x00000000e0000000,0x00000000e7c00000)
  from space 5120K, 0% used [0x00000000e8100000,0x00000000e8100000,0x00000000e8600000)
  to   space 5120K, 0% used [0x00000000e7c00000,0x00000000e7c00000,0x00000000e8100000)
 ParOldGen       total 71680K, used 12505K [0x00000000a0000000, 0x00000000a4600000, 0x00000000e0000000)
  object space 71680K, 17% used [0x00000000a0000000,0x00000000a0c36768,0x00000000a4600000)
 Metaspace       used 20592K, capacity 21136K, committed 21296K, reserved 1067008K
  class space    used 2984K, capacity 3160K, committed 3200K, reserved 1048576K
}
Event: 7.712 GC heap before
{Heap before GC invocations=6 (full 1):
 PSYoungGen      total 132096K, used 126976K [0x00000000e0000000, 0x00000000e8600000, 0x0000000100000000)
  eden space 126976K, 100% used [0x00000000e0000000,0x00000000e7c00000,0x00000000e7c00000)
  from space 5120K, 0% used [0x00000000e8100000,0x00000000e8100000,0x00000000e8600000)
  to   space 5120K, 0% used [0x00000000e7c00000,0x00000000e7c00000,0x00000000e8100000)
 ParOldGen       total 71680K, used 12505K [0x00000000a0000000, 0x00000000a4600000, 0x00000000e0000000)
  object space 71680K, 17% used [0x00000000a0000000,0x00000000a0c36768,0x00000000a4600000)
 Metaspace       used 31390K, capacity 32042K, committed 32256K, reserved 1077248K
  class space    used 4289K, capacity 4510K, committed 4608K, reserved 1048576K

